Arguments: 
  C:\Program Files\nodejs\node.exe C:\Program Files (x86)\Yarn\bin\yarn.js

PATH: 
  C:\Program Files (x86)\Razer Chroma SDK\bin;C:\Program Files\Razer Chroma SDK\bin;C:\Program Files (x86)\Common Files\Oracle\Java\javapath;C:\ProgramData\Anaconda3;C:\ProgramData\Anaconda3\Library\mingw-w64\bin;C:\ProgramData\Anaconda3\Library\usr\bin;C:\ProgramData\Anaconda3\Library\bin;C:\ProgramData\Anaconda3\Scripts;C:\Windows\system32;C:\Windows;C:\Windows\System32\Wbem;C:\Windows\System32\WindowsPowerShell\v1.0\;C:\Program Files\nodejs\;C:\Program Files\Microsoft VS Code\bin;C:\Program Files (x86)\NVIDIA Corporation\PhysX\Common;C:\Program Files\Git\cmd;C:\ProgramData\chocolatey\bin;C:\Program Files\Java\jdk1.8.0_181\bin;C:\Android\android-sdk\tools;C:\Android\android-sdk\platform-tools;C:\Android\android-sdk\tools\bin;;C:\WINDOWS\system32;C:\WINDOWS;C:\WINDOWS\System32\Wbem;C:\WINDOWS\System32\WindowsPowerShell\v1.0\;C:\WINDOWS\System32\OpenSSH\;C:\Program Files (x86)\GtkSharp\2.12\bin;C:\Program Files\dotnet\;C:\Program Files\NVIDIA Corporation\NVIDIA NvDLISR;C:\Users\leftp\AppData\Local\Microsoft\WindowsApps;C:\Users\leftp\.dotnet\tools;C:\Program Files (x86)\Yarn\bin\;C:\Users\leftp\Anaconda3;C:\Users\leftp\Anaconda3\Library\mingw-w64\bin;C:\Users\leftp\Anaconda3\Library\usr\bin;C:\Users\leftp\Anaconda3\Library\bin;C:\Users\leftp\Anaconda3\Scripts;C:\Users\leftp\AppData\Local\Microsoft\WindowsApps;C:\Users\leftp\AppData\Roaming\npm;C:\Users\leftp\AppData\Local\GitHubDesktop\bin;C:\Users\leftp\AppData\Local\Microsoft\WindowsApps;C:\Program Files\JetBrains\WebStorm 183.2940.11\bin;C:\Users\leftp\.dotnet\tools;C:\Users\leftp\AppData\Local\atom\bin;C:\Users\leftp\AppData\Local\hyper\app-2.1.2\resources\bin;C:\Users\leftp\AppData\Local\Yarn\bin

Yarn version: 
  1.13.0

Node version: 
  10.8.0

Platform: 
  win32 x64

Trace: 
  Error: EPERM: operation not permitted, scandir 'C:\Users\leftp\Documents\Github\TSUI.NODEGG\node_modules\@types'

npm manifest: 
  {
    "name": "tsui.nodegg",
    "version": "1.0.0",
    "description": "",
    "main": "index.js",
    "scripts": {
      "test": "jest --watchAll",
      "dev-test": "nodemon ./test/dev-test",
      "start": "electron ."
    },
    "jest": {
      "testEnvironment": "node"
    },
    "keywords": [],
    "author": "",
    "license": "ISC",
    "devDependencies": {
      "electron-builder": "^20.38.5",
      "jest": "^23.5.0",
      "nodemon": "^1.18.3",
      "webpack": "^4.29.4"
    },
    "dependencies": {
      "body-parser": "^1.18.3",
      "crypto-js": "^3.1.9-1",
      "electron": "^4.0.4",
      "elliptic": "^6.4.1",
      "express": "^4.16.3",
      "socket.io": "^2.2.0",
      "uuid": "^3.3.2",
      "ws": "^6.0.0"
    }
  }

yarn manifest: 
  No manifest

Lockfile: 
  No lockfile
